0 info it worked if it ends with ok
1 verbose cli [ '/opt/nodejs/node-v6.9.1-linux-x64/bin/node',
1 verbose cli   '/usr/local/sbin/npm',
1 verbose cli   'run',
1 verbose cli   'build' ]
2 info using npm@3.10.8
3 info using node@v6.9.1
4 verbose run-script [ 'prebuild', 'build', 'postbuild' ]
5 info lifecycle crisp-cache@2.0.0~prebuild: crisp-cache@2.0.0
6 silly lifecycle crisp-cache@2.0.0~prebuild: no script for prebuild, continuing
7 info lifecycle crisp-cache@2.0.0~build: crisp-cache@2.0.0
8 verbose lifecycle crisp-cache@2.0.0~build: unsafe-perm in lifecycle true
9 verbose lifecycle crisp-cache@2.0.0~build: PATH: /opt/nodejs/node-v6.9.1-linux-x64/lib/node_modules/npm/bin/node-gyp-bin:/home/seth/projects/node-crisp-cache/node_modules/.bin:/opt/nodejs/node-v6.9.1-linux-x64/bin:/home/seth/bin:/home/seth/bin:/usr/local/sbin:/usr/local/bin:/usr/sbin:/usr/bin:/sbin:/bin:/usr/games:/usr/local/games:/usr/lib/jvm/java-8-oracle/bin:/usr/lib/jvm/java-8-oracle/db/bin:/usr/lib/jvm/java-8-oracle/jre/bin:/usr/local/sbin:/usr/lib/jvm/java-8-oracle/bin:/usr/lib/jvm/java-8-oracle/db/bin:/usr/lib/jvm/java-8-oracle/jre/bin:/home/seth/bin:/opt/nodejs/current/bin:/usr/local/sbin:/home/seth/bin:/opt/nodejs/current/bin
10 verbose lifecycle crisp-cache@2.0.0~build: CWD: /home/seth/projects/node-crisp-cache
11 silly lifecycle crisp-cache@2.0.0~build: Args: [ '-c', 'tsc -d' ]
12 silly lifecycle crisp-cache@2.0.0~build: Returned: code: 1  signal: null
13 info lifecycle crisp-cache@2.0.0~build: Failed to exec build script
14 verbose stack Error: crisp-cache@2.0.0 build: `tsc -d`
14 verbose stack Exit status 1
14 verbose stack     at EventEmitter.<anonymous> (/opt/nodejs/node-v6.9.1-linux-x64/lib/node_modules/npm/lib/utils/lifecycle.js:255:16)
14 verbose stack     at emitTwo (events.js:106:13)
14 verbose stack     at EventEmitter.emit (events.js:191:7)
14 verbose stack     at ChildProcess.<anonymous> (/opt/nodejs/node-v6.9.1-linux-x64/lib/node_modules/npm/lib/utils/spawn.js:40:14)
14 verbose stack     at emitTwo (events.js:106:13)
14 verbose stack     at ChildProcess.emit (events.js:191:7)
14 verbose stack     at maybeClose (internal/child_process.js:877:16)
14 verbose stack     at Process.ChildProcess._handle.onexit (internal/child_process.js:226:5)
15 verbose pkgid crisp-cache@2.0.0
16 verbose cwd /home/seth/projects/node-crisp-cache
17 error Linux 3.13.0-101-generic
18 error argv "/opt/nodejs/node-v6.9.1-linux-x64/bin/node" "/usr/local/sbin/npm" "run" "build"
19 error node v6.9.1
20 error npm  v3.10.8
21 error code ELIFECYCLE
22 error crisp-cache@2.0.0 build: `tsc -d`
22 error Exit status 1
23 error Failed at the crisp-cache@2.0.0 build script 'tsc -d'.
23 error Make sure you have the latest version of node.js and npm installed.
23 error If you do, this is most likely a problem with the crisp-cache package,
23 error not with npm itself.
23 error Tell the author that this fails on your system:
23 error     tsc -d
23 error You can get information on how to open an issue for this project with:
23 error     npm bugs crisp-cache
23 error Or if that isn't available, you can get their info via:
23 error     npm owner ls crisp-cache
23 error There is likely additional logging output above.
24 verbose exit [ 1, true ]
